This is pdfTeX, Version 3.141592653-2.6-1.40.27 (MiKTeX 25.4 Portable) (preloaded format=pdflatex 2025.5.25)  29 MAY 2025 21:07
entering extended mode
 restricted \write18 enabled.
 %&-line parsing enabled.
**./stress_energy.tex
(stress_energy.tex
LaTeX2e <2024-11-01> patch level 2
L3 programming layer <2025-04-29>

(C:\Users\echo_\scoop\apps\miktex\current\texmfs\install\tex/latex/base\article
.cls
Document Class: article 2024/06/29 v1.4n Standard LaTeX document class

(C:\Users\echo_\scoop\apps\miktex\current\texmfs\install\tex/latex/base\size10.
clo
File: size10.clo 2024/06/29 v1.4n Standard LaTeX file (size option)
)
\c@part=\count272
\c@section=\count273
\c@subsection=\count274
\c@subsubsection=\count275
\c@paragraph=\count276
\c@subparagraph=\count277
\c@figure=\count278
\c@table=\count279
\abovecaptionskip=\skip49
\belowcaptionskip=\skip50
\bibindent=\dimen146
)
(C:\Users\echo_\scoop\apps\miktex\current\texmfs\install\tex/latex/amsmath\amsm
ath.sty
Package: amsmath 2024/11/05 v2.17t AMS math features
\@mathmargin=\skip51

For additional information on amsmath, use the `?' option.

(C:\Users\echo_\scoop\apps\miktex\current\texmfs\install\tex/latex/amsmath\amst
ext.sty
Package: amstext 2021/08/26 v2.01 AMS text

(C:\Users\echo_\scoop\apps\miktex\current\texmfs\install\tex/latex/amsmath\amsg
en.sty
File: amsgen.sty 1999/11/30 v2.0 generic functions
\@emptytoks=\toks17
\ex@=\dimen147
))
(C:\Users\echo_\scoop\apps\miktex\current\texmfs\install\tex/latex/amsmath\amsb
sy.sty
Package: amsbsy 1999/11/29 v1.2d Bold Symbols
\pmbraise@=\dimen148
)
(C:\Users\echo_\scoop\apps\miktex\current\texmfs\install\tex/latex/amsmath\amso
pn.sty
Package: amsopn 2022/04/08 v2.04 operator names
)
\inf@bad=\count280
LaTeX Info: Redefining \frac on input line 233.
\uproot@=\count281
\leftroot@=\count282
LaTeX Info: Redefining \overline on input line 398.
LaTeX Info: Redefining \colon on input line 409.
\classnum@=\count283
\DOTSCASE@=\count284
LaTeX Info: Redefining \ldots on input line 495.
LaTeX Info: Redefining \dots on input line 498.
LaTeX Info: Redefining \cdots on input line 619.
\Mathstrutbox@=\box53
\strutbox@=\box54
LaTeX Info: Redefining \big on input line 721.
LaTeX Info: Redefining \Big on input line 722.
LaTeX Info: Redefining \bigg on input line 723.
LaTeX Info: Redefining \Bigg on input line 724.
\big@size=\dimen149
LaTeX Font Info:    Redeclaring font encoding OML on input line 742.
LaTeX Font Info:    Redeclaring font encoding OMS on input line 743.
\macc@depth=\count285
LaTeX Info: Redefining \bmod on input line 904.
LaTeX Info: Redefining \pmod on input line 909.
LaTeX Info: Redefining \smash on input line 939.
LaTeX Info: Redefining \relbar on input line 969.
LaTeX Info: Redefining \Relbar on input line 970.
\c@MaxMatrixCols=\count286
\dotsspace@=\muskip17
\c@parentequation=\count287
\dspbrk@lvl=\count288
\tag@help=\toks18
\row@=\count289
\column@=\count290
\maxfields@=\count291
\andhelp@=\toks19
\eqnshift@=\dimen150
\alignsep@=\dimen151
\tagshift@=\dimen152
\tagwidth@=\dimen153
\totwidth@=\dimen154
\lineht@=\dimen155
\@envbody=\toks20
\multlinegap=\skip52
\multlinetaggap=\skip53
\mathdisplay@stack=\toks21
LaTeX Info: Redefining \[ on input line 2953.
LaTeX Info: Redefining \] on input line 2954.
)
(C:\Users\echo_\scoop\apps\miktex\current\texmfs\install\tex/latex/l3backend\l3
backend-pdftex.def
File: l3backend-pdftex.def 2025-04-14 L3 backend support: PDF output (pdfTeX)
\l__color_backend_stack_int=\count292
)
No file stress_energy.aux.
\openout1 = `stress_energy.aux'.

LaTeX Font Info:    Checking defaults for OML/cmm/m/it on input line 3.
LaTeX Font Info:    ... okay on input line 3.
LaTeX Font Info:    Checking defaults for OMS/cmsy/m/n on input line 3.
LaTeX Font Info:    ... okay on input line 3.
LaTeX Font Info:    Checking defaults for OT1/cmr/m/n on input line 3.
LaTeX Font Info:    ... okay on input line 3.
LaTeX Font Info:    Checking defaults for T1/cmr/m/n on input line 3.
LaTeX Font Info:    ... okay on input line 3.
LaTeX Font Info:    Checking defaults for TS1/cmr/m/n on input line 3.
LaTeX Font Info:    ... okay on input line 3.
LaTeX Font Info:    Checking defaults for OMX/cmex/m/n on input line 3.
LaTeX Font Info:    ... okay on input line 3.
LaTeX Font Info:    Checking defaults for U/cmr/m/n on input line 3.
LaTeX Font Info:    ... okay on input line 3.

Overfull \hbox (2225.16862pt too wide) detected at line 14
\OML/cmm/m/it/10 T[] \OT1/cmr/m/n/10 = []\OML/cmm/m/it/10 G[] \OT1/cmr/m/n/10 =
 []
 []



[1

{C:/Users/echo_/scoop/apps/miktex/current/texmfs/data/fonts/map/pdftex/pdftex.m
ap}] (stress_energy.aux)
 ***********
LaTeX2e <2024-11-01> patch level 2
L3 programming layer <2025-04-29>
 ***********
 ) 
Here is how much of TeX's memory you used:
 1137 strings out of 469923
 17538 string characters out of 5463828
 443319 words of memory out of 5000000
 28028 multiletter control sequences out of 15000+600000
 627884 words of font info for 44 fonts, out of 8000000 for 9000
 1141 hyphenation exceptions out of 8191
 56i,12n,65p,956b,138s stack positions out of 10000i,1000n,20000p,200000b,200000s
<C:/Users/echo_/scoop/apps/miktex/current/texmfs/install/fonts/type1/public/a
msfonts/cm/cmbx12.pfb><C:/Users/echo_/scoop/apps/miktex/current/texmfs/install/
fonts/type1/public/amsfonts/cm/cmex10.pfb><C:/Users/echo_/scoop/apps/miktex/cur
rent/texmfs/install/fonts/type1/public/amsfonts/cmextra/cmex7.pfb><C:/Users/ech
o_/scoop/apps/miktex/current/texmfs/install/fonts/type1/public/amsfonts/cm/cmmi
10.pfb><C:/Users/echo_/scoop/apps/miktex/current/texmfs/install/fonts/type1/pub
lic/amsfonts/cm/cmmi5.pfb><C:/Users/echo_/scoop/apps/miktex/current/texmfs/inst
all/fonts/type1/public/amsfonts/cm/cmmi7.pfb><C:/Users/echo_/scoop/apps/miktex/
current/texmfs/install/fonts/type1/public/amsfonts/cm/cmr10.pfb><C:/Users/echo_
/scoop/apps/miktex/current/texmfs/install/fonts/type1/public/amsfonts/cm/cmr5.p
fb><C:/Users/echo_/scoop/apps/miktex/current/texmfs/install/fonts/type1/public/
amsfonts/cm/cmr7.pfb><C:/Users/echo_/scoop/apps/miktex/current/texmfs/install/f
onts/type1/public/amsfonts/cm/cmsy10.pfb><C:/Users/echo_/scoop/apps/miktex/curr
ent/texmfs/install/fonts/type1/public/amsfonts/cm/cmsy7.pfb>
Output written on stress_energy.pdf (1 page, 106001 bytes).
PDF statistics:
 61 PDF objects out of 1000 (max. 8388607)
 0 named destinations out of 1000 (max. 500000)
 1 words of extra memory for PDF output out of 10000 (max. 10000000)

